2024-02-16 21:35:54,103 DEBUG    root            Loaded Command Group: ['gcloud', 'components']
2024-02-16 21:35:54,113 DEBUG    root            Loaded Command Group: ['gcloud', 'components', 'list']
2024-02-16 21:35:54,117 DEBUG    root            Running [gcloud.components.list] with arguments: [--quiet: "True"]
2024-02-16 21:35:54,147 DEBUG    urllib3.connectionpool Starting new HTTPS connection (1): dl.google.com:443
2024-02-16 21:35:54,361 DEBUG    urllib3.connectionpool https://dl.google.com:443 "GET /dl/cloudsdk/channels/rapid/components-2.json HTTP/1.1" 200 214445
2024-02-16 21:35:54,409 INFO     ___FILE_ONLY___ 
Your current Google Cloud CLI version is: 464.0.0

2024-02-16 21:35:54,409 INFO     ___FILE_ONLY___ The latest available version is: 464.0.0

2024-02-16 21:35:54,410 INFO     ___FILE_ONLY___ 

2024-02-16 21:35:54,410 DEBUG    root            Chosen display Format:table[box,title="Components"](state.name:label=Status,name:label=Name,id:label=ID,size.size(zero="",min=1048576):label=Size:align=right)
2024-02-16 21:35:54,411 INFO     root            Display format: "table[box,title="Components"](state.name:label=Status,name:label=Name,id:label=ID,size.size(zero="",min=1048576):label=Size:align=right)"
2024-02-16 21:35:54,421 INFO     ___FILE_ONLY___ ┌─────────────────────────────────────────────────────────────────────────────────────────────────────────────────┐
2024-02-16 21:35:54,421 INFO     ___FILE_ONLY___ 

2024-02-16 21:35:54,421 INFO     ___FILE_ONLY___ │                                                    Components                                                   │
2024-02-16 21:35:54,421 INFO     ___FILE_ONLY___ 

2024-02-16 21:35:54,421 INFO     ___FILE_ONLY___ ├───────────────┬──────────────────────────────────────────────────────┬──────────────────────────────┬───────────┤
2024-02-16 21:35:54,421 INFO     ___FILE_ONLY___ 

2024-02-16 21:35:54,421 INFO     ___FILE_ONLY___ │     Status    │                         Name                         │              ID              │    Size   │
2024-02-16 21:35:54,421 INFO     ___FILE_ONLY___ 

2024-02-16 21:35:54,421 INFO     ___FILE_ONLY___ ├───────────────┼──────────────────────────────────────────────────────┼──────────────────────────────┼───────────┤
2024-02-16 21:35:54,421 INFO     ___FILE_ONLY___ 

2024-02-16 21:35:54,421 INFO     ___FILE_ONLY___ │ 
2024-02-16 21:35:54,421 INFO     ___FILE_ONLY___ Not Installed
2024-02-16 21:35:54,421 INFO     ___FILE_ONLY___  
2024-02-16 21:35:54,421 INFO     ___FILE_ONLY___ │ 
2024-02-16 21:35:54,421 INFO     ___FILE_ONLY___ App Engine Go Extensions                            
2024-02-16 21:35:54,421 INFO     ___FILE_ONLY___  
2024-02-16 21:35:54,421 INFO     ___FILE_ONLY___ │ 
2024-02-16 21:35:54,421 INFO     ___FILE_ONLY___ app-engine-go               
2024-02-16 21:35:54,421 INFO     ___FILE_ONLY___  
2024-02-16 21:35:54,421 INFO     ___FILE_ONLY___ │ 
2024-02-16 21:35:54,421 INFO     ___FILE_ONLY___   4.5 MiB
2024-02-16 21:35:54,421 INFO     ___FILE_ONLY___  
2024-02-16 21:35:54,421 INFO     ___FILE_ONLY___ │
2024-02-16 21:35:54,421 INFO     ___FILE_ONLY___ 

2024-02-16 21:35:54,421 INFO     ___FILE_ONLY___ │ 
2024-02-16 21:35:54,422 INFO     ___FILE_ONLY___ Not Installed
2024-02-16 21:35:54,422 INFO     ___FILE_ONLY___  
2024-02-16 21:35:54,422 INFO     ___FILE_ONLY___ │ 
2024-02-16 21:35:54,422 INFO     ___FILE_ONLY___ Appctl                                              
2024-02-16 21:35:54,422 INFO     ___FILE_ONLY___  
2024-02-16 21:35:54,422 INFO     ___FILE_ONLY___ │ 
2024-02-16 21:35:54,422 INFO     ___FILE_ONLY___ appctl                      
2024-02-16 21:35:54,422 INFO     ___FILE_ONLY___  
2024-02-16 21:35:54,422 INFO     ___FILE_ONLY___ │ 
2024-02-16 21:35:54,422 INFO     ___FILE_ONLY___  18.5 MiB
2024-02-16 21:35:54,422 INFO     ___FILE_ONLY___  
2024-02-16 21:35:54,422 INFO     ___FILE_ONLY___ │
2024-02-16 21:35:54,422 INFO     ___FILE_ONLY___ 

2024-02-16 21:35:54,422 INFO     ___FILE_ONLY___ │ 
2024-02-16 21:35:54,422 INFO     ___FILE_ONLY___ Not Installed
2024-02-16 21:35:54,422 INFO     ___FILE_ONLY___  
2024-02-16 21:35:54,422 INFO     ___FILE_ONLY___ │ 
2024-02-16 21:35:54,422 INFO     ___FILE_ONLY___ Artifact Registry Go Module Package Helper          
2024-02-16 21:35:54,422 INFO     ___FILE_ONLY___  
2024-02-16 21:35:54,422 INFO     ___FILE_ONLY___ │ 
2024-02-16 21:35:54,422 INFO     ___FILE_ONLY___ package-go-module           
2024-02-16 21:35:54,422 INFO     ___FILE_ONLY___  
2024-02-16 21:35:54,422 INFO     ___FILE_ONLY___ │ 
2024-02-16 21:35:54,422 INFO     ___FILE_ONLY___   < 1 MiB
2024-02-16 21:35:54,422 INFO     ___FILE_ONLY___  
2024-02-16 21:35:54,422 INFO     ___FILE_ONLY___ │
2024-02-16 21:35:54,422 INFO     ___FILE_ONLY___ 

2024-02-16 21:35:54,422 INFO     ___FILE_ONLY___ │ 
2024-02-16 21:35:54,422 INFO     ___FILE_ONLY___ Not Installed
2024-02-16 21:35:54,422 INFO     ___FILE_ONLY___  
2024-02-16 21:35:54,422 INFO     ___FILE_ONLY___ │ 
2024-02-16 21:35:54,422 INFO     ___FILE_ONLY___ Cloud Bigtable Command Line Tool                    
2024-02-16 21:35:54,422 INFO     ___FILE_ONLY___  
2024-02-16 21:35:54,422 INFO     ___FILE_ONLY___ │ 
2024-02-16 21:35:54,422 INFO     ___FILE_ONLY___ cbt                         
2024-02-16 21:35:54,422 INFO     ___FILE_ONLY___  
2024-02-16 21:35:54,422 INFO     ___FILE_ONLY___ │ 
2024-02-16 21:35:54,422 INFO     ___FILE_ONLY___  15.9 MiB
2024-02-16 21:35:54,422 INFO     ___FILE_ONLY___  
2024-02-16 21:35:54,422 INFO     ___FILE_ONLY___ │
2024-02-16 21:35:54,422 INFO     ___FILE_ONLY___ 

2024-02-16 21:35:54,423 INFO     ___FILE_ONLY___ │ 
2024-02-16 21:35:54,423 INFO     ___FILE_ONLY___ Not Installed
2024-02-16 21:35:54,423 INFO     ___FILE_ONLY___  
2024-02-16 21:35:54,423 INFO     ___FILE_ONLY___ │ 
2024-02-16 21:35:54,423 INFO     ___FILE_ONLY___ Cloud Bigtable Emulator                             
2024-02-16 21:35:54,423 INFO     ___FILE_ONLY___  
2024-02-16 21:35:54,423 INFO     ___FILE_ONLY___ │ 
2024-02-16 21:35:54,423 INFO     ___FILE_ONLY___ bigtable                    
2024-02-16 21:35:54,423 INFO     ___FILE_ONLY___  
2024-02-16 21:35:54,423 INFO     ___FILE_ONLY___ │ 
2024-02-16 21:35:54,423 INFO     ___FILE_ONLY___   6.8 MiB
2024-02-16 21:35:54,423 INFO     ___FILE_ONLY___  
2024-02-16 21:35:54,423 INFO     ___FILE_ONLY___ │
2024-02-16 21:35:54,423 INFO     ___FILE_ONLY___ 

2024-02-16 21:35:54,423 INFO     ___FILE_ONLY___ │ 
2024-02-16 21:35:54,423 INFO     ___FILE_ONLY___ Not Installed
2024-02-16 21:35:54,423 INFO     ___FILE_ONLY___  
2024-02-16 21:35:54,423 INFO     ___FILE_ONLY___ │ 
2024-02-16 21:35:54,423 INFO     ___FILE_ONLY___ Cloud Datastore Emulator                            
2024-02-16 21:35:54,423 INFO     ___FILE_ONLY___  
2024-02-16 21:35:54,423 INFO     ___FILE_ONLY___ │ 
2024-02-16 21:35:54,423 INFO     ___FILE_ONLY___ cloud-datastore-emulator    
2024-02-16 21:35:54,423 INFO     ___FILE_ONLY___  
2024-02-16 21:35:54,423 INFO     ___FILE_ONLY___ │ 
2024-02-16 21:35:54,423 INFO     ___FILE_ONLY___  36.2 MiB
2024-02-16 21:35:54,423 INFO     ___FILE_ONLY___  
2024-02-16 21:35:54,423 INFO     ___FILE_ONLY___ │
2024-02-16 21:35:54,423 INFO     ___FILE_ONLY___ 

2024-02-16 21:35:54,423 INFO     ___FILE_ONLY___ │ 
2024-02-16 21:35:54,423 INFO     ___FILE_ONLY___ Not Installed
2024-02-16 21:35:54,423 INFO     ___FILE_ONLY___  
2024-02-16 21:35:54,423 INFO     ___FILE_ONLY___ │ 
2024-02-16 21:35:54,423 INFO     ___FILE_ONLY___ Cloud Firestore Emulator                            
2024-02-16 21:35:54,423 INFO     ___FILE_ONLY___  
2024-02-16 21:35:54,423 INFO     ___FILE_ONLY___ │ 
2024-02-16 21:35:54,423 INFO     ___FILE_ONLY___ cloud-firestore-emulator    
2024-02-16 21:35:54,423 INFO     ___FILE_ONLY___  
2024-02-16 21:35:54,423 INFO     ___FILE_ONLY___ │ 
2024-02-16 21:35:54,423 INFO     ___FILE_ONLY___  42.8 MiB
2024-02-16 21:35:54,423 INFO     ___FILE_ONLY___  
2024-02-16 21:35:54,423 INFO     ___FILE_ONLY___ │
2024-02-16 21:35:54,423 INFO     ___FILE_ONLY___ 

2024-02-16 21:35:54,423 INFO     ___FILE_ONLY___ │ 
2024-02-16 21:35:54,424 INFO     ___FILE_ONLY___ Not Installed
2024-02-16 21:35:54,424 INFO     ___FILE_ONLY___  
2024-02-16 21:35:54,424 INFO     ___FILE_ONLY___ │ 
2024-02-16 21:35:54,424 INFO     ___FILE_ONLY___ Cloud Pub/Sub Emulator                              
2024-02-16 21:35:54,424 INFO     ___FILE_ONLY___  
2024-02-16 21:35:54,424 INFO     ___FILE_ONLY___ │ 
2024-02-16 21:35:54,424 INFO     ___FILE_ONLY___ pubsub-emulator             
2024-02-16 21:35:54,424 INFO     ___FILE_ONLY___  
2024-02-16 21:35:54,424 INFO     ___FILE_ONLY___ │ 
2024-02-16 21:35:54,424 INFO     ___FILE_ONLY___  62.1 MiB
2024-02-16 21:35:54,424 INFO     ___FILE_ONLY___  
2024-02-16 21:35:54,424 INFO     ___FILE_ONLY___ │
2024-02-16 21:35:54,424 INFO     ___FILE_ONLY___ 

2024-02-16 21:35:54,424 INFO     ___FILE_ONLY___ │ 
2024-02-16 21:35:54,424 INFO     ___FILE_ONLY___ Not Installed
2024-02-16 21:35:54,424 INFO     ___FILE_ONLY___  
2024-02-16 21:35:54,424 INFO     ___FILE_ONLY___ │ 
2024-02-16 21:35:54,424 INFO     ___FILE_ONLY___ Cloud Run Proxy                                     
2024-02-16 21:35:54,424 INFO     ___FILE_ONLY___  
2024-02-16 21:35:54,424 INFO     ___FILE_ONLY___ │ 
2024-02-16 21:35:54,424 INFO     ___FILE_ONLY___ cloud-run-proxy             
2024-02-16 21:35:54,424 INFO     ___FILE_ONLY___  
2024-02-16 21:35:54,424 INFO     ___FILE_ONLY___ │ 
2024-02-16 21:35:54,424 INFO     ___FILE_ONLY___  11.3 MiB
2024-02-16 21:35:54,424 INFO     ___FILE_ONLY___  
2024-02-16 21:35:54,424 INFO     ___FILE_ONLY___ │
2024-02-16 21:35:54,424 INFO     ___FILE_ONLY___ 

2024-02-16 21:35:54,424 INFO     ___FILE_ONLY___ │ 
2024-02-16 21:35:54,424 INFO     ___FILE_ONLY___ Not Installed
2024-02-16 21:35:54,424 INFO     ___FILE_ONLY___  
2024-02-16 21:35:54,424 INFO     ___FILE_ONLY___ │ 
2024-02-16 21:35:54,424 INFO     ___FILE_ONLY___ Cloud SQL Proxy                                     
2024-02-16 21:35:54,424 INFO     ___FILE_ONLY___  
2024-02-16 21:35:54,424 INFO     ___FILE_ONLY___ │ 
2024-02-16 21:35:54,424 INFO     ___FILE_ONLY___ cloud_sql_proxy             
2024-02-16 21:35:54,424 INFO     ___FILE_ONLY___  
2024-02-16 21:35:54,424 INFO     ___FILE_ONLY___ │ 
2024-02-16 21:35:54,424 INFO     ___FILE_ONLY___   7.3 MiB
2024-02-16 21:35:54,424 INFO     ___FILE_ONLY___  
2024-02-16 21:35:54,424 INFO     ___FILE_ONLY___ │
2024-02-16 21:35:54,424 INFO     ___FILE_ONLY___ 

2024-02-16 21:35:54,424 INFO     ___FILE_ONLY___ │ 
2024-02-16 21:35:54,424 INFO     ___FILE_ONLY___ Not Installed
2024-02-16 21:35:54,425 INFO     ___FILE_ONLY___  
2024-02-16 21:35:54,425 INFO     ___FILE_ONLY___ │ 
2024-02-16 21:35:54,425 INFO     ___FILE_ONLY___ Google Container Registry's Docker credential helper
2024-02-16 21:35:54,425 INFO     ___FILE_ONLY___  
2024-02-16 21:35:54,425 INFO     ___FILE_ONLY___ │ 
2024-02-16 21:35:54,425 INFO     ___FILE_ONLY___ docker-credential-gcr       
2024-02-16 21:35:54,425 INFO     ___FILE_ONLY___  
2024-02-16 21:35:54,425 INFO     ___FILE_ONLY___ │ 
2024-02-16 21:35:54,425 INFO     ___FILE_ONLY___          
2024-02-16 21:35:54,425 INFO     ___FILE_ONLY___  
2024-02-16 21:35:54,425 INFO     ___FILE_ONLY___ │
2024-02-16 21:35:54,425 INFO     ___FILE_ONLY___ 

2024-02-16 21:35:54,425 INFO     ___FILE_ONLY___ │ 
2024-02-16 21:35:54,425 INFO     ___FILE_ONLY___ Not Installed
2024-02-16 21:35:54,425 INFO     ___FILE_ONLY___  
2024-02-16 21:35:54,425 INFO     ___FILE_ONLY___ │ 
2024-02-16 21:35:54,425 INFO     ___FILE_ONLY___ Kustomize                                           
2024-02-16 21:35:54,425 INFO     ___FILE_ONLY___  
2024-02-16 21:35:54,425 INFO     ___FILE_ONLY___ │ 
2024-02-16 21:35:54,425 INFO     ___FILE_ONLY___ kustomize                   
2024-02-16 21:35:54,425 INFO     ___FILE_ONLY___  
2024-02-16 21:35:54,425 INFO     ___FILE_ONLY___ │ 
2024-02-16 21:35:54,425 INFO     ___FILE_ONLY___   7.4 MiB
2024-02-16 21:35:54,425 INFO     ___FILE_ONLY___  
2024-02-16 21:35:54,425 INFO     ___FILE_ONLY___ │
2024-02-16 21:35:54,425 INFO     ___FILE_ONLY___ 

2024-02-16 21:35:54,425 INFO     ___FILE_ONLY___ │ 
2024-02-16 21:35:54,425 INFO     ___FILE_ONLY___ Not Installed
2024-02-16 21:35:54,425 INFO     ___FILE_ONLY___  
2024-02-16 21:35:54,425 INFO     ___FILE_ONLY___ │ 
2024-02-16 21:35:54,425 INFO     ___FILE_ONLY___ Log Streaming                                       
2024-02-16 21:35:54,425 INFO     ___FILE_ONLY___  
2024-02-16 21:35:54,425 INFO     ___FILE_ONLY___ │ 
2024-02-16 21:35:54,425 INFO     ___FILE_ONLY___ log-streaming               
2024-02-16 21:35:54,425 INFO     ___FILE_ONLY___  
2024-02-16 21:35:54,425 INFO     ___FILE_ONLY___ │ 
2024-02-16 21:35:54,425 INFO     ___FILE_ONLY___  11.9 MiB
2024-02-16 21:35:54,425 INFO     ___FILE_ONLY___  
2024-02-16 21:35:54,425 INFO     ___FILE_ONLY___ │
2024-02-16 21:35:54,425 INFO     ___FILE_ONLY___ 

2024-02-16 21:35:54,425 INFO     ___FILE_ONLY___ │ 
2024-02-16 21:35:54,425 INFO     ___FILE_ONLY___ Not Installed
2024-02-16 21:35:54,425 INFO     ___FILE_ONLY___  
2024-02-16 21:35:54,425 INFO     ___FILE_ONLY___ │ 
2024-02-16 21:35:54,426 INFO     ___FILE_ONLY___ Minikube                                            
2024-02-16 21:35:54,426 INFO     ___FILE_ONLY___  
2024-02-16 21:35:54,426 INFO     ___FILE_ONLY___ │ 
2024-02-16 21:35:54,426 INFO     ___FILE_ONLY___ minikube                    
2024-02-16 21:35:54,426 INFO     ___FILE_ONLY___  
2024-02-16 21:35:54,426 INFO     ___FILE_ONLY___ │ 
2024-02-16 21:35:54,426 INFO     ___FILE_ONLY___  33.6 MiB
2024-02-16 21:35:54,426 INFO     ___FILE_ONLY___  
2024-02-16 21:35:54,426 INFO     ___FILE_ONLY___ │
2024-02-16 21:35:54,426 INFO     ___FILE_ONLY___ 

2024-02-16 21:35:54,426 INFO     ___FILE_ONLY___ │ 
2024-02-16 21:35:54,426 INFO     ___FILE_ONLY___ Not Installed
2024-02-16 21:35:54,426 INFO     ___FILE_ONLY___  
2024-02-16 21:35:54,426 INFO     ___FILE_ONLY___ │ 
2024-02-16 21:35:54,426 INFO     ___FILE_ONLY___ Nomos CLI                                           
2024-02-16 21:35:54,426 INFO     ___FILE_ONLY___  
2024-02-16 21:35:54,426 INFO     ___FILE_ONLY___ │ 
2024-02-16 21:35:54,426 INFO     ___FILE_ONLY___ nomos                       
2024-02-16 21:35:54,426 INFO     ___FILE_ONLY___  
2024-02-16 21:35:54,426 INFO     ___FILE_ONLY___ │ 
2024-02-16 21:35:54,426 INFO     ___FILE_ONLY___  28.6 MiB
2024-02-16 21:35:54,426 INFO     ___FILE_ONLY___  
2024-02-16 21:35:54,426 INFO     ___FILE_ONLY___ │
2024-02-16 21:35:54,426 INFO     ___FILE_ONLY___ 

2024-02-16 21:35:54,426 INFO     ___FILE_ONLY___ │ 
2024-02-16 21:35:54,426 INFO     ___FILE_ONLY___ Not Installed
2024-02-16 21:35:54,426 INFO     ___FILE_ONLY___  
2024-02-16 21:35:54,426 INFO     ___FILE_ONLY___ │ 
2024-02-16 21:35:54,426 INFO     ___FILE_ONLY___ On-Demand Scanning API extraction helper            
2024-02-16 21:35:54,426 INFO     ___FILE_ONLY___  
2024-02-16 21:35:54,426 INFO     ___FILE_ONLY___ │ 
2024-02-16 21:35:54,426 INFO     ___FILE_ONLY___ local-extract               
2024-02-16 21:35:54,426 INFO     ___FILE_ONLY___  
2024-02-16 21:35:54,426 INFO     ___FILE_ONLY___ │ 
2024-02-16 21:35:54,426 INFO     ___FILE_ONLY___  13.7 MiB
2024-02-16 21:35:54,426 INFO     ___FILE_ONLY___  
2024-02-16 21:35:54,426 INFO     ___FILE_ONLY___ │
2024-02-16 21:35:54,426 INFO     ___FILE_ONLY___ 

2024-02-16 21:35:54,426 INFO     ___FILE_ONLY___ │ 
2024-02-16 21:35:54,426 INFO     ___FILE_ONLY___ Not Installed
2024-02-16 21:35:54,426 INFO     ___FILE_ONLY___  
2024-02-16 21:35:54,426 INFO     ___FILE_ONLY___ │ 
2024-02-16 21:35:54,426 INFO     ___FILE_ONLY___ Skaffold                                            
2024-02-16 21:35:54,427 INFO     ___FILE_ONLY___  
2024-02-16 21:35:54,427 INFO     ___FILE_ONLY___ │ 
2024-02-16 21:35:54,427 INFO     ___FILE_ONLY___ skaffold                    
2024-02-16 21:35:54,427 INFO     ___FILE_ONLY___  
2024-02-16 21:35:54,427 INFO     ___FILE_ONLY___ │ 
2024-02-16 21:35:54,427 INFO     ___FILE_ONLY___  23.3 MiB
2024-02-16 21:35:54,427 INFO     ___FILE_ONLY___  
2024-02-16 21:35:54,427 INFO     ___FILE_ONLY___ │
2024-02-16 21:35:54,427 INFO     ___FILE_ONLY___ 

2024-02-16 21:35:54,427 INFO     ___FILE_ONLY___ │ 
2024-02-16 21:35:54,427 INFO     ___FILE_ONLY___ Not Installed
2024-02-16 21:35:54,427 INFO     ___FILE_ONLY___  
2024-02-16 21:35:54,427 INFO     ___FILE_ONLY___ │ 
2024-02-16 21:35:54,427 INFO     ___FILE_ONLY___ Terraform Tools                                     
2024-02-16 21:35:54,427 INFO     ___FILE_ONLY___  
2024-02-16 21:35:54,427 INFO     ___FILE_ONLY___ │ 
2024-02-16 21:35:54,427 INFO     ___FILE_ONLY___ terraform-tools             
2024-02-16 21:35:54,427 INFO     ___FILE_ONLY___  
2024-02-16 21:35:54,427 INFO     ___FILE_ONLY___ │ 
2024-02-16 21:35:54,427 INFO     ___FILE_ONLY___  63.6 MiB
2024-02-16 21:35:54,427 INFO     ___FILE_ONLY___  
2024-02-16 21:35:54,427 INFO     ___FILE_ONLY___ │
2024-02-16 21:35:54,427 INFO     ___FILE_ONLY___ 

2024-02-16 21:35:54,427 INFO     ___FILE_ONLY___ │ 
2024-02-16 21:35:54,427 INFO     ___FILE_ONLY___ Not Installed
2024-02-16 21:35:54,427 INFO     ___FILE_ONLY___  
2024-02-16 21:35:54,427 INFO     ___FILE_ONLY___ │ 
2024-02-16 21:35:54,427 INFO     ___FILE_ONLY___ anthos-auth                                         
2024-02-16 21:35:54,427 INFO     ___FILE_ONLY___  
2024-02-16 21:35:54,427 INFO     ___FILE_ONLY___ │ 
2024-02-16 21:35:54,427 INFO     ___FILE_ONLY___ anthos-auth                 
2024-02-16 21:35:54,427 INFO     ___FILE_ONLY___  
2024-02-16 21:35:54,427 INFO     ___FILE_ONLY___ │ 
2024-02-16 21:35:54,427 INFO     ___FILE_ONLY___  20.7 MiB
2024-02-16 21:35:54,427 INFO     ___FILE_ONLY___  
2024-02-16 21:35:54,427 INFO     ___FILE_ONLY___ │
2024-02-16 21:35:54,427 INFO     ___FILE_ONLY___ 

2024-02-16 21:35:54,427 INFO     ___FILE_ONLY___ │ 
2024-02-16 21:35:54,428 INFO     ___FILE_ONLY___ Not Installed
2024-02-16 21:35:54,428 INFO     ___FILE_ONLY___  
2024-02-16 21:35:54,428 INFO     ___FILE_ONLY___ │ 
2024-02-16 21:35:54,428 INFO     ___FILE_ONLY___ config-connector                                    
2024-02-16 21:35:54,428 INFO     ___FILE_ONLY___  
2024-02-16 21:35:54,428 INFO     ___FILE_ONLY___ │ 
2024-02-16 21:35:54,428 INFO     ___FILE_ONLY___ config-connector            
2024-02-16 21:35:54,428 INFO     ___FILE_ONLY___  
2024-02-16 21:35:54,428 INFO     ___FILE_ONLY___ │ 
2024-02-16 21:35:54,428 INFO     ___FILE_ONLY___  55.6 MiB
2024-02-16 21:35:54,428 INFO     ___FILE_ONLY___  
2024-02-16 21:35:54,428 INFO     ___FILE_ONLY___ │
2024-02-16 21:35:54,428 INFO     ___FILE_ONLY___ 

2024-02-16 21:35:54,428 INFO     ___FILE_ONLY___ │ 
2024-02-16 21:35:54,428 INFO     ___FILE_ONLY___ Not Installed
2024-02-16 21:35:54,428 INFO     ___FILE_ONLY___  
2024-02-16 21:35:54,428 INFO     ___FILE_ONLY___ │ 
2024-02-16 21:35:54,428 INFO     ___FILE_ONLY___ enterprise-certificate-proxy                        
2024-02-16 21:35:54,428 INFO     ___FILE_ONLY___  
2024-02-16 21:35:54,428 INFO     ___FILE_ONLY___ │ 
2024-02-16 21:35:54,428 INFO     ___FILE_ONLY___ enterprise-certificate-proxy
2024-02-16 21:35:54,428 INFO     ___FILE_ONLY___  
2024-02-16 21:35:54,428 INFO     ___FILE_ONLY___ │ 
2024-02-16 21:35:54,428 INFO     ___FILE_ONLY___   8.3 MiB
2024-02-16 21:35:54,428 INFO     ___FILE_ONLY___  
2024-02-16 21:35:54,428 INFO     ___FILE_ONLY___ │
2024-02-16 21:35:54,428 INFO     ___FILE_ONLY___ 

2024-02-16 21:35:54,428 INFO     ___FILE_ONLY___ │ 
2024-02-16 21:35:54,428 INFO     ___FILE_ONLY___ Not Installed
2024-02-16 21:35:54,428 INFO     ___FILE_ONLY___  
2024-02-16 21:35:54,428 INFO     ___FILE_ONLY___ │ 
2024-02-16 21:35:54,428 INFO     ___FILE_ONLY___ gcloud Alpha Commands                               
2024-02-16 21:35:54,428 INFO     ___FILE_ONLY___  
2024-02-16 21:35:54,428 INFO     ___FILE_ONLY___ │ 
2024-02-16 21:35:54,428 INFO     ___FILE_ONLY___ alpha                       
2024-02-16 21:35:54,428 INFO     ___FILE_ONLY___  
2024-02-16 21:35:54,428 INFO     ___FILE_ONLY___ │ 
2024-02-16 21:35:54,428 INFO     ___FILE_ONLY___   < 1 MiB
2024-02-16 21:35:54,428 INFO     ___FILE_ONLY___  
2024-02-16 21:35:54,428 INFO     ___FILE_ONLY___ │
2024-02-16 21:35:54,428 INFO     ___FILE_ONLY___ 

2024-02-16 21:35:54,428 INFO     ___FILE_ONLY___ │ 
2024-02-16 21:35:54,428 INFO     ___FILE_ONLY___ Not Installed
2024-02-16 21:35:54,429 INFO     ___FILE_ONLY___  
2024-02-16 21:35:54,429 INFO     ___FILE_ONLY___ │ 
2024-02-16 21:35:54,429 INFO     ___FILE_ONLY___ gcloud Beta Commands                                
2024-02-16 21:35:54,429 INFO     ___FILE_ONLY___  
2024-02-16 21:35:54,429 INFO     ___FILE_ONLY___ │ 
2024-02-16 21:35:54,429 INFO     ___FILE_ONLY___ beta                        
2024-02-16 21:35:54,429 INFO     ___FILE_ONLY___  
2024-02-16 21:35:54,429 INFO     ___FILE_ONLY___ │ 
2024-02-16 21:35:54,429 INFO     ___FILE_ONLY___   < 1 MiB
2024-02-16 21:35:54,429 INFO     ___FILE_ONLY___  
2024-02-16 21:35:54,429 INFO     ___FILE_ONLY___ │
2024-02-16 21:35:54,429 INFO     ___FILE_ONLY___ 

2024-02-16 21:35:54,429 INFO     ___FILE_ONLY___ │ 
2024-02-16 21:35:54,429 INFO     ___FILE_ONLY___ Not Installed
2024-02-16 21:35:54,429 INFO     ___FILE_ONLY___  
2024-02-16 21:35:54,429 INFO     ___FILE_ONLY___ │ 
2024-02-16 21:35:54,429 INFO     ___FILE_ONLY___ gcloud app Java Extensions                          
2024-02-16 21:35:54,429 INFO     ___FILE_ONLY___  
2024-02-16 21:35:54,429 INFO     ___FILE_ONLY___ │ 
2024-02-16 21:35:54,429 INFO     ___FILE_ONLY___ app-engine-java             
2024-02-16 21:35:54,429 INFO     ___FILE_ONLY___  
2024-02-16 21:35:54,429 INFO     ___FILE_ONLY___ │ 
2024-02-16 21:35:54,429 INFO     ___FILE_ONLY___ 125.9 MiB
2024-02-16 21:35:54,429 INFO     ___FILE_ONLY___  
2024-02-16 21:35:54,429 INFO     ___FILE_ONLY___ │
2024-02-16 21:35:54,429 INFO     ___FILE_ONLY___ 

2024-02-16 21:35:54,429 INFO     ___FILE_ONLY___ │ 
2024-02-16 21:35:54,429 INFO     ___FILE_ONLY___ Not Installed
2024-02-16 21:35:54,429 INFO     ___FILE_ONLY___  
2024-02-16 21:35:54,429 INFO     ___FILE_ONLY___ │ 
2024-02-16 21:35:54,429 INFO     ___FILE_ONLY___ gcloud app PHP Extensions                           
2024-02-16 21:35:54,429 INFO     ___FILE_ONLY___  
2024-02-16 21:35:54,429 INFO     ___FILE_ONLY___ │ 
2024-02-16 21:35:54,429 INFO     ___FILE_ONLY___ app-engine-php              
2024-02-16 21:35:54,429 INFO     ___FILE_ONLY___  
2024-02-16 21:35:54,429 INFO     ___FILE_ONLY___ │ 
2024-02-16 21:35:54,429 INFO     ___FILE_ONLY___  21.9 MiB
2024-02-16 21:35:54,429 INFO     ___FILE_ONLY___  
2024-02-16 21:35:54,429 INFO     ___FILE_ONLY___ │
2024-02-16 21:35:54,429 INFO     ___FILE_ONLY___ 

2024-02-16 21:35:54,429 INFO     ___FILE_ONLY___ │ 
2024-02-16 21:35:54,429 INFO     ___FILE_ONLY___ Not Installed
2024-02-16 21:35:54,429 INFO     ___FILE_ONLY___  
2024-02-16 21:35:54,430 INFO     ___FILE_ONLY___ │ 
2024-02-16 21:35:54,430 INFO     ___FILE_ONLY___ gcloud app Python Extensions                        
2024-02-16 21:35:54,430 INFO     ___FILE_ONLY___  
2024-02-16 21:35:54,430 INFO     ___FILE_ONLY___ │ 
2024-02-16 21:35:54,430 INFO     ___FILE_ONLY___ app-engine-python           
2024-02-16 21:35:54,430 INFO     ___FILE_ONLY___  
2024-02-16 21:35:54,430 INFO     ___FILE_ONLY___ │ 
2024-02-16 21:35:54,430 INFO     ___FILE_ONLY___   8.4 MiB
2024-02-16 21:35:54,430 INFO     ___FILE_ONLY___  
2024-02-16 21:35:54,430 INFO     ___FILE_ONLY___ │
2024-02-16 21:35:54,430 INFO     ___FILE_ONLY___ 

2024-02-16 21:35:54,430 INFO     ___FILE_ONLY___ │ 
2024-02-16 21:35:54,430 INFO     ___FILE_ONLY___ Not Installed
2024-02-16 21:35:54,430 INFO     ___FILE_ONLY___  
2024-02-16 21:35:54,430 INFO     ___FILE_ONLY___ │ 
2024-02-16 21:35:54,430 INFO     ___FILE_ONLY___ gcloud app Python Extensions (Extra Libraries)      
2024-02-16 21:35:54,430 INFO     ___FILE_ONLY___  
2024-02-16 21:35:54,430 INFO     ___FILE_ONLY___ │ 
2024-02-16 21:35:54,430 INFO     ___FILE_ONLY___ app-engine-python-extras    
2024-02-16 21:35:54,430 INFO     ___FILE_ONLY___  
2024-02-16 21:35:54,430 INFO     ___FILE_ONLY___ │ 
2024-02-16 21:35:54,430 INFO     ___FILE_ONLY___  31.5 MiB
2024-02-16 21:35:54,430 INFO     ___FILE_ONLY___  
2024-02-16 21:35:54,430 INFO     ___FILE_ONLY___ │
2024-02-16 21:35:54,430 INFO     ___FILE_ONLY___ 

2024-02-16 21:35:54,430 INFO     ___FILE_ONLY___ │ 
2024-02-16 21:35:54,430 INFO     ___FILE_ONLY___ Not Installed
2024-02-16 21:35:54,430 INFO     ___FILE_ONLY___  
2024-02-16 21:35:54,430 INFO     ___FILE_ONLY___ │ 
2024-02-16 21:35:54,430 INFO     ___FILE_ONLY___ gke-gcloud-auth-plugin                              
2024-02-16 21:35:54,430 INFO     ___FILE_ONLY___  
2024-02-16 21:35:54,430 INFO     ___FILE_ONLY___ │ 
2024-02-16 21:35:54,430 INFO     ___FILE_ONLY___ gke-gcloud-auth-plugin      
2024-02-16 21:35:54,430 INFO     ___FILE_ONLY___  
2024-02-16 21:35:54,430 INFO     ___FILE_ONLY___ │ 
2024-02-16 21:35:54,430 INFO     ___FILE_ONLY___   7.4 MiB
2024-02-16 21:35:54,430 INFO     ___FILE_ONLY___  
2024-02-16 21:35:54,430 INFO     ___FILE_ONLY___ │
2024-02-16 21:35:54,430 INFO     ___FILE_ONLY___ 

2024-02-16 21:35:54,430 INFO     ___FILE_ONLY___ │ 
2024-02-16 21:35:54,430 INFO     ___FILE_ONLY___ Not Installed
2024-02-16 21:35:54,430 INFO     ___FILE_ONLY___  
2024-02-16 21:35:54,431 INFO     ___FILE_ONLY___ │ 
2024-02-16 21:35:54,431 INFO     ___FILE_ONLY___ kpt                                                 
2024-02-16 21:35:54,431 INFO     ___FILE_ONLY___  
2024-02-16 21:35:54,431 INFO     ___FILE_ONLY___ │ 
2024-02-16 21:35:54,431 INFO     ___FILE_ONLY___ kpt                         
2024-02-16 21:35:54,431 INFO     ___FILE_ONLY___  
2024-02-16 21:35:54,431 INFO     ___FILE_ONLY___ │ 
2024-02-16 21:35:54,431 INFO     ___FILE_ONLY___  14.4 MiB
2024-02-16 21:35:54,431 INFO     ___FILE_ONLY___  
2024-02-16 21:35:54,431 INFO     ___FILE_ONLY___ │
2024-02-16 21:35:54,431 INFO     ___FILE_ONLY___ 

2024-02-16 21:35:54,431 INFO     ___FILE_ONLY___ │ 
2024-02-16 21:35:54,431 INFO     ___FILE_ONLY___ Not Installed
2024-02-16 21:35:54,431 INFO     ___FILE_ONLY___  
2024-02-16 21:35:54,431 INFO     ___FILE_ONLY___ │ 
2024-02-16 21:35:54,431 INFO     ___FILE_ONLY___ kubectl                                             
2024-02-16 21:35:54,431 INFO     ___FILE_ONLY___  
2024-02-16 21:35:54,431 INFO     ___FILE_ONLY___ │ 
2024-02-16 21:35:54,431 INFO     ___FILE_ONLY___ kubectl                     
2024-02-16 21:35:54,431 INFO     ___FILE_ONLY___  
2024-02-16 21:35:54,431 INFO     ___FILE_ONLY___ │ 
2024-02-16 21:35:54,431 INFO     ___FILE_ONLY___   < 1 MiB
2024-02-16 21:35:54,431 INFO     ___FILE_ONLY___  
2024-02-16 21:35:54,431 INFO     ___FILE_ONLY___ │
2024-02-16 21:35:54,431 INFO     ___FILE_ONLY___ 

2024-02-16 21:35:54,431 INFO     ___FILE_ONLY___ │ 
2024-02-16 21:35:54,431 INFO     ___FILE_ONLY___ Not Installed
2024-02-16 21:35:54,431 INFO     ___FILE_ONLY___  
2024-02-16 21:35:54,431 INFO     ___FILE_ONLY___ │ 
2024-02-16 21:35:54,431 INFO     ___FILE_ONLY___ kubectl-oidc                                        
2024-02-16 21:35:54,431 INFO     ___FILE_ONLY___  
2024-02-16 21:35:54,431 INFO     ___FILE_ONLY___ │ 
2024-02-16 21:35:54,431 INFO     ___FILE_ONLY___ kubectl-oidc                
2024-02-16 21:35:54,431 INFO     ___FILE_ONLY___  
2024-02-16 21:35:54,431 INFO     ___FILE_ONLY___ │ 
2024-02-16 21:35:54,431 INFO     ___FILE_ONLY___  20.7 MiB
2024-02-16 21:35:54,431 INFO     ___FILE_ONLY___  
2024-02-16 21:35:54,431 INFO     ___FILE_ONLY___ │
2024-02-16 21:35:54,431 INFO     ___FILE_ONLY___ 

2024-02-16 21:35:54,431 INFO     ___FILE_ONLY___ │ 
2024-02-16 21:35:54,431 INFO     ___FILE_ONLY___ Not Installed
2024-02-16 21:35:54,431 INFO     ___FILE_ONLY___  
2024-02-16 21:35:54,432 INFO     ___FILE_ONLY___ │ 
2024-02-16 21:35:54,432 INFO     ___FILE_ONLY___ pkg                                                 
2024-02-16 21:35:54,432 INFO     ___FILE_ONLY___  
2024-02-16 21:35:54,432 INFO     ___FILE_ONLY___ │ 
2024-02-16 21:35:54,432 INFO     ___FILE_ONLY___ pkg                         
2024-02-16 21:35:54,432 INFO     ___FILE_ONLY___  
2024-02-16 21:35:54,432 INFO     ___FILE_ONLY___ │ 
2024-02-16 21:35:54,432 INFO     ___FILE_ONLY___          
2024-02-16 21:35:54,432 INFO     ___FILE_ONLY___  
2024-02-16 21:35:54,432 INFO     ___FILE_ONLY___ │
2024-02-16 21:35:54,432 INFO     ___FILE_ONLY___ 

2024-02-16 21:35:54,432 INFO     ___FILE_ONLY___ │ 
2024-02-16 21:35:54,432 INFO     ___FILE_ONLY___ Installed    
2024-02-16 21:35:54,432 INFO     ___FILE_ONLY___  
2024-02-16 21:35:54,432 INFO     ___FILE_ONLY___ │ 
2024-02-16 21:35:54,432 INFO     ___FILE_ONLY___ BigQuery Command Line Tool                          
2024-02-16 21:35:54,432 INFO     ___FILE_ONLY___  
2024-02-16 21:35:54,432 INFO     ___FILE_ONLY___ │ 
2024-02-16 21:35:54,432 INFO     ___FILE_ONLY___ bq                          
2024-02-16 21:35:54,432 INFO     ___FILE_ONLY___  
2024-02-16 21:35:54,432 INFO     ___FILE_ONLY___ │ 
2024-02-16 21:35:54,432 INFO     ___FILE_ONLY___   1.6 MiB
2024-02-16 21:35:54,432 INFO     ___FILE_ONLY___  
2024-02-16 21:35:54,432 INFO     ___FILE_ONLY___ │
2024-02-16 21:35:54,432 INFO     ___FILE_ONLY___ 

2024-02-16 21:35:54,432 INFO     ___FILE_ONLY___ │ 
2024-02-16 21:35:54,432 INFO     ___FILE_ONLY___ Installed    
2024-02-16 21:35:54,432 INFO     ___FILE_ONLY___  
2024-02-16 21:35:54,432 INFO     ___FILE_ONLY___ │ 
2024-02-16 21:35:54,432 INFO     ___FILE_ONLY___ Cloud Storage Command Line Tool                     
2024-02-16 21:35:54,432 INFO     ___FILE_ONLY___  
2024-02-16 21:35:54,432 INFO     ___FILE_ONLY___ │ 
2024-02-16 21:35:54,432 INFO     ___FILE_ONLY___ gsutil                      
2024-02-16 21:35:54,432 INFO     ___FILE_ONLY___  
2024-02-16 21:35:54,432 INFO     ___FILE_ONLY___ │ 
2024-02-16 21:35:54,432 INFO     ___FILE_ONLY___  11.3 MiB
2024-02-16 21:35:54,432 INFO     ___FILE_ONLY___  
2024-02-16 21:35:54,432 INFO     ___FILE_ONLY___ │
2024-02-16 21:35:54,432 INFO     ___FILE_ONLY___ 

2024-02-16 21:35:54,433 INFO     ___FILE_ONLY___ │ 
2024-02-16 21:35:54,433 INFO     ___FILE_ONLY___ Installed    
2024-02-16 21:35:54,433 INFO     ___FILE_ONLY___  
2024-02-16 21:35:54,433 INFO     ___FILE_ONLY___ │ 
2024-02-16 21:35:54,433 INFO     ___FILE_ONLY___ Google Cloud CLI Core Libraries                     
2024-02-16 21:35:54,433 INFO     ___FILE_ONLY___  
2024-02-16 21:35:54,433 INFO     ___FILE_ONLY___ │ 
2024-02-16 21:35:54,433 INFO     ___FILE_ONLY___ core                        
2024-02-16 21:35:54,433 INFO     ___FILE_ONLY___  
2024-02-16 21:35:54,433 INFO     ___FILE_ONLY___ │ 
2024-02-16 21:35:54,433 INFO     ___FILE_ONLY___  22.5 MiB
2024-02-16 21:35:54,433 INFO     ___FILE_ONLY___  
2024-02-16 21:35:54,433 INFO     ___FILE_ONLY___ │
2024-02-16 21:35:54,433 INFO     ___FILE_ONLY___ 

2024-02-16 21:35:54,433 INFO     ___FILE_ONLY___ │ 
2024-02-16 21:35:54,433 INFO     ___FILE_ONLY___ Installed    
2024-02-16 21:35:54,433 INFO     ___FILE_ONLY___  
2024-02-16 21:35:54,433 INFO     ___FILE_ONLY___ │ 
2024-02-16 21:35:54,433 INFO     ___FILE_ONLY___ Google Cloud CRC32C Hash Tool                       
2024-02-16 21:35:54,433 INFO     ___FILE_ONLY___  
2024-02-16 21:35:54,433 INFO     ___FILE_ONLY___ │ 
2024-02-16 21:35:54,433 INFO     ___FILE_ONLY___ gcloud-crc32c               
2024-02-16 21:35:54,433 INFO     ___FILE_ONLY___  
2024-02-16 21:35:54,433 INFO     ___FILE_ONLY___ │ 
2024-02-16 21:35:54,433 INFO     ___FILE_ONLY___   1.2 MiB
2024-02-16 21:35:54,433 INFO     ___FILE_ONLY___  
2024-02-16 21:35:54,433 INFO     ___FILE_ONLY___ │
2024-02-16 21:35:54,433 INFO     ___FILE_ONLY___ 

2024-02-16 21:35:54,433 INFO     ___FILE_ONLY___ └───────────────┴──────────────────────────────────────────────────────┴──────────────────────────────┴───────────┘
2024-02-16 21:35:54,433 INFO     ___FILE_ONLY___ 

2024-02-16 21:35:54,433 INFO     ___FILE_ONLY___ To install or remove components at your current SDK version [464.0.0], run:
  $ gcloud components install COMPONENT_ID
  $ gcloud components remove COMPONENT_ID

To update your SDK installation to the latest version [464.0.0], run:
  $ gcloud components update


