2024-02-16 21:37:10,457 DEBUG    root            Loaded Command Group: ['gcloud', 'auth']
2024-02-16 21:37:10,459 DEBUG    root            Loaded Command Group: ['gcloud', 'auth', 'application_default']
2024-02-16 21:37:10,463 DEBUG    root            Loaded Command Group: ['gcloud', 'auth', 'application-default', 'login']
2024-02-16 21:37:10,464 DEBUG    root            Running [gcloud.auth.application-default.login] with arguments: []
2024-02-16 21:37:10,469 DEBUG    requests_oauthlib.oauth2_session Generated new state 86D266H5LMIPISGdChVN8b7ViFe7zD.
2024-02-16 21:37:10,655 INFO     ___FILE_ONLY___ Your browser has been opened to visit:

    https://accounts.google.com/o/oauth2/auth?response_type=code&client_id=764086051850-6qr4p6gpi6hn506pt8ejuq83di341hur.apps.googleusercontent.com&redirect_uri=http%3A%2F%2Flocalhost%3A8085%2F&scope=openid+https%3A%2F%2Fwww.googleapis.com%2Fauth%2Fuserinfo.email+https%3A%2F%2Fwww.googleapis.com%2Fauth%2Fcloud-platform+https%3A%2F%2Fwww.googleapis.com%2Fauth%2Fsqlservice.login&state=86D266H5LMIPISGdChVN8b7ViFe7zD&access_type=offline&code_challenge=opGPJYL0C9U-mxysqoin2Iieh7EH8v4469R9_JltD8M&code_challenge_method=S256


2024-02-16 21:37:16,934 INFO     google_auth_oauthlib.flow "GET /?state=86D266H5LMIPISGdChVN8b7ViFe7zD&code=4/0AeaYSHBlEO1H1nChlVglC1jJCjZAF2uwXfqDiqtgLmxmS5Qo2G95exUpsoAxK-EIYBc8FQ&scope=email%20openid%20https://www.googleapis.com/auth/userinfo.email%20https://www.googleapis.com/auth/cloud-platform%20https://www.googleapis.com/auth/sqlservice.login&authuser=0&prompt=consent HTTP/1.1" 200 959
2024-02-16 21:37:16,936 DEBUG    requests_oauthlib.oauth2_session Requesting url https://oauth2.googleapis.com/token using method POST.
2024-02-16 21:37:16,936 DEBUG    requests_oauthlib.oauth2_session Supplying headers {b'Accept': b'application/json', b'Content-Type': b'application/x-www-form-urlencoded;charset=UTF-8', b'user-agent': b'google-cloud-sdk gcloud/464.0.0 command/gcloud.auth.application-default.login invocation-id/ad6de2ea775f4778a7d40998bd14b1d5 environment/None environment-version/None client-os/MACOSX client-os-ver/23.0.0 client-pltf-arch/arm interactive/True from-script/False python/3.11.7 term/xterm-256color (Macintosh; Intel Mac OS X 23.0.0)'} and data {'grant_type': 'authorization_code', 'client_id': '764086051850-6qr4p6gpi6hn506pt8ejuq83di341hur.apps.googleusercontent.com', 'client_secret': 'd-FL95Q19q7MQmFpd7hHD0Ty', 'code': '4/0AeaYSHBlEO1H1nChlVglC1jJCjZAF2uwXfqDiqtgLmxmS5Qo2G95exUpsoAxK-EIYBc8FQ', 'redirect_uri': 'http://localhost:8085/', 'code_verifier': 'qMNMELE3ocwuofs8KGTvbcYLNApJraIZAcD--gudneS9RuJjiyLwOM4cXoieQSgiJLhTLhh8XsBi373HvvM7tfq-tT-DfRn4-rldiAkVWReuZ2meKABf90lpD74F1Y_J'}
2024-02-16 21:37:16,936 DEBUG    requests_oauthlib.oauth2_session Passing through key word arguments {'json': None, 'timeout': None, 'auth': None, 'verify': None, 'proxies': None}.
2024-02-16 21:37:16,961 DEBUG    urllib3.connectionpool Starting new HTTPS connection (1): oauth2.googleapis.com:443
2024-02-16 21:37:17,192 DEBUG    urllib3.connectionpool https://oauth2.googleapis.com:443 "POST /token HTTP/1.1" 200 None
2024-02-16 21:37:17,194 DEBUG    requests_oauthlib.oauth2_session Prepared fetch token request body grant_type=authorization_code&client_id=764086051850-6qr4p6gpi6hn506pt8ejuq83di341hur.apps.googleusercontent.com&client_secret=d-FL95Q19q7MQmFpd7hHD0Ty&code=4%2F0AeaYSHBlEO1H1nChlVglC1jJCjZAF2uwXfqDiqtgLmxmS5Qo2G95exUpsoAxK-EIYBc8FQ&redirect_uri=http%3A%2F%2Flocalhost%3A8085%2F&code_verifier=qMNMELE3ocwuofs8KGTvbcYLNApJraIZAcD--gudneS9RuJjiyLwOM4cXoieQSgiJLhTLhh8XsBi373HvvM7tfq-tT-DfRn4-rldiAkVWReuZ2meKABf90lpD74F1Y_J
2024-02-16 21:37:17,194 DEBUG    requests_oauthlib.oauth2_session Request to fetch token completed with status 200.
2024-02-16 21:37:17,194 DEBUG    requests_oauthlib.oauth2_session Request headers were {'user-agent': b'google-cloud-sdk gcloud/464.0.0 command/gcloud.auth.application-default.login invocation-id/ad6de2ea775f4778a7d40998bd14b1d5 environment/None environment-version/None client-os/MACOSX client-os-ver/23.0.0 client-pltf-arch/arm interactive/True from-script/False python/3.11.7 term/xterm-256color (Macintosh; Intel Mac OS X 23.0.0)', 'Accept-Encoding': 'gzip, deflate', 'Accept': b'application/json', 'Connection': 'keep-alive', 'Content-Type': b'application/x-www-form-urlencoded;charset=UTF-8', 'Content-Length': '421'}
2024-02-16 21:37:17,194 DEBUG    requests_oauthlib.oauth2_session Request body was grant_type=authorization_code&client_id=764086051850-6qr4p6gpi6hn506pt8ejuq83di341hur.apps.googleusercontent.com&client_secret=d-FL95Q19q7MQmFpd7hHD0Ty&code=4%2F0AeaYSHBlEO1H1nChlVglC1jJCjZAF2uwXfqDiqtgLmxmS5Qo2G95exUpsoAxK-EIYBc8FQ&redirect_uri=http%3A%2F%2Flocalhost%3A8085%2F&code_verifier=qMNMELE3ocwuofs8KGTvbcYLNApJraIZAcD--gudneS9RuJjiyLwOM4cXoieQSgiJLhTLhh8XsBi373HvvM7tfq-tT-DfRn4-rldiAkVWReuZ2meKABf90lpD74F1Y_J
2024-02-16 21:37:17,194 DEBUG    requests_oauthlib.oauth2_session Response headers were {'Pragma': 'no-cache', 'Date': 'Fri, 16 Feb 2024 16:07:17 GMT', 'Expires': 'Mon, 01 Jan 1990 00:00:00 GMT', 'Cache-Control': 'no-cache, no-store, max-age=0, must-revalidate', 'Content-Type': 'application/json; charset=utf-8', 'Vary': 'Origin, X-Origin, Referer', 'Content-Encoding': 'gzip', 'Server': 'scaffolding on HTTPServer2', 'X-XSS-Protection': '0', 'X-Frame-Options': 'SAMEORIGIN', 'X-Content-Type-Options': 'nosniff', 'Alt-Svc': 'h3=":443"; ma=2592000,h3-29=":443"; ma=2592000', 'Transfer-Encoding': 'chunked'} and content {
  "access_token": "ya29.a0AfB_byBzluGd5jUbMMj36B3XZ4uKOYxMGVDJZZW3GVSnpHZ7RWBdQk4zadDYysTWjCrEvUNRZ5Avi4Jalyjb_xit-88P83mt2S-FshuxXvWRNYsFhR5ukeaminY6Hbs_WfeF37jZLd_V_7lDdoCigtSPjPpSZRzAnbuUaCgYKAdkSARISFQHGX2Mi4zABN0P2dzSj1Ch0dn05rw0171",
  "expires_in": 3599,
  "refresh_token": "1//0gO0FGWXF5qoECgYIARAAGBASNwF-L9IrjCBWwa9CpChjtegcoRsCO0qgv9PilI1UDjt-8ZNyYwBtBUrhJuHbDVZ66ApceT4k_AA",
  "scope": "https://www.googleapis.com/auth/cloud-platform https://www.googleapis.com/auth/sqlservice.login openid https://www.googleapis.com/auth/userinfo.email",
  "token_type": "Bearer",
  "id_token": "eyJhbGciOiJSUzI1NiIsImtpZCI6ImVkODA2ZjE4NDJiNTg4MDU0YjE4YjY2OWRkMWEwOWE0ZjM2N2FmYzQiLCJ0eXAiOiJKV1QifQ.eyJpc3MiOiJodHRwczovL2FjY291bnRzLmdvb2dsZS5jb20iLCJhenAiOiI3NjQwODYwNTE4NTAtNnFyNHA2Z3BpNmhuNTA2cHQ4ZWp1cTgzZGkzNDFodXIuYXBwcy5nb29nbGV1c2VyY29udGVudC5jb20iLCJhdWQiOiI3NjQwODYwNTE4NTAtNnFyNHA2Z3BpNmhuNTA2cHQ4ZWp1cTgzZGkzNDFodXIuYXBwcy5nb29nbGV1c2VyY29udGVudC5jb20iLCJzdWIiOiIxMTAwMDcyNTY3NTk2NDkxNTczNDIiLCJlbWFpbCI6InRoZXV0a2Fyc2gudmVybWEwMEBnbWFpbC5jb20iLCJlbWFpbF92ZXJpZmllZCI6dHJ1ZSwiYXRfaGFzaCI6IjlieWJ1MlVmbndrS09rMFlKYXRtbGciLCJpYXQiOjE3MDgwOTk2MzcsImV4cCI6MTcwODEwMzIzN30.DsaWWzkADLet2OjBXyCrnEd92fLefg_XXv3OEpVxw_WdK9hGlvwIaG8COVocIiTFgJgicRd6Dz5fWJzfoEz4MMekan03WsuztrRmuj0_JHQtCXzJKARh-xI3brW1MCrPJCfoXGB7lLPQ-i4eOdpf2BaReO_Z64eQYcpnSglNVjUP3-nt9S3lIFKZwm0p9BIXfkm-pH-Q3L2kvc-Su7DrLnuB5seHufMsvl37UheEortR70SWtPCTdlIzinSUMw-jcsSFC8BM3S3oPHN3es9RQGzXSC7-4iqLyxVHZ9XcvEyF31haAerkZaZHvdS98Gp5RoaJsQhNzVHdP3ti_BqvHQ"
}.
2024-02-16 21:37:17,195 DEBUG    requests_oauthlib.oauth2_session Invoking 0 token response hooks.
2024-02-16 21:37:17,195 DEBUG    requests_oauthlib.oauth2_session Obtained token {'access_token': 'ya29.a0AfB_byBzluGd5jUbMMj36B3XZ4uKOYxMGVDJZZW3GVSnpHZ7RWBdQk4zadDYysTWjCrEvUNRZ5Avi4Jalyjb_xit-88P83mt2S-FshuxXvWRNYsFhR5ukeaminY6Hbs_WfeF37jZLd_V_7lDdoCigtSPjPpSZRzAnbuUaCgYKAdkSARISFQHGX2Mi4zABN0P2dzSj1Ch0dn05rw0171', 'expires_in': 3599, 'refresh_token': '1//0gO0FGWXF5qoECgYIARAAGBASNwF-L9IrjCBWwa9CpChjtegcoRsCO0qgv9PilI1UDjt-8ZNyYwBtBUrhJuHbDVZ66ApceT4k_AA', 'scope': ['https://www.googleapis.com/auth/cloud-platform', 'https://www.googleapis.com/auth/sqlservice.login', 'openid', 'https://www.googleapis.com/auth/userinfo.email'], 'token_type': 'Bearer', 'id_token': 'eyJhbGciOiJSUzI1NiIsImtpZCI6ImVkODA2ZjE4NDJiNTg4MDU0YjE4YjY2OWRkMWEwOWE0ZjM2N2FmYzQiLCJ0eXAiOiJKV1QifQ.eyJpc3MiOiJodHRwczovL2FjY291bnRzLmdvb2dsZS5jb20iLCJhenAiOiI3NjQwODYwNTE4NTAtNnFyNHA2Z3BpNmhuNTA2cHQ4ZWp1cTgzZGkzNDFodXIuYXBwcy5nb29nbGV1c2VyY29udGVudC5jb20iLCJhdWQiOiI3NjQwODYwNTE4NTAtNnFyNHA2Z3BpNmhuNTA2cHQ4ZWp1cTgzZGkzNDFodXIuYXBwcy5nb29nbGV1c2VyY29udGVudC5jb20iLCJzdWIiOiIxMTAwMDcyNTY3NTk2NDkxNTczNDIiLCJlbWFpbCI6InRoZXV0a2Fyc2gudmVybWEwMEBnbWFpbC5jb20iLCJlbWFpbF92ZXJpZmllZCI6dHJ1ZSwiYXRfaGFzaCI6IjlieWJ1MlVmbndrS09rMFlKYXRtbGciLCJpYXQiOjE3MDgwOTk2MzcsImV4cCI6MTcwODEwMzIzN30.DsaWWzkADLet2OjBXyCrnEd92fLefg_XXv3OEpVxw_WdK9hGlvwIaG8COVocIiTFgJgicRd6Dz5fWJzfoEz4MMekan03WsuztrRmuj0_JHQtCXzJKARh-xI3brW1MCrPJCfoXGB7lLPQ-i4eOdpf2BaReO_Z64eQYcpnSglNVjUP3-nt9S3lIFKZwm0p9BIXfkm-pH-Q3L2kvc-Su7DrLnuB5seHufMsvl37UheEortR70SWtPCTdlIzinSUMw-jcsSFC8BM3S3oPHN3es9RQGzXSC7-4iqLyxVHZ9XcvEyF31haAerkZaZHvdS98Gp5RoaJsQhNzVHdP3ti_BqvHQ', 'expires_at': 1708103236.1953971}.
2024-02-16 21:37:17,204 INFO     ___FILE_ONLY___ 
Credentials saved to file: [/Users/utkarshverma/.config/gcloud/application_default_credentials.json]

2024-02-16 21:37:17,204 INFO     ___FILE_ONLY___ 
These credentials will be used by any library that requests Application Default Credentials (ADC).

2024-02-16 21:37:17,204 WARNING  root            
Cannot find a quota project to add to ADC. You might receive a "quota exceeded" or "API not enabled" error. Run $ gcloud auth application-default set-quota-project to add a quota project.
2024-02-16 21:37:17,204 DEBUG    root            Chosen display Format:none
2024-02-16 21:37:17,205 INFO     root            Display format: "none"
2024-02-16 21:37:17,206 DEBUG    root            Checking for updates...
2024-02-16 21:37:17,222 DEBUG    urllib3.connectionpool Starting new HTTPS connection (1): dl.google.com:443
2024-02-16 21:37:17,438 DEBUG    urllib3.connectionpool https://dl.google.com:443 "GET /dl/cloudsdk/channels/rapid/components-2.json HTTP/1.1" 200 214445
2024-02-16 21:37:17,493 DEBUG    root            Updating notification cache...
