2024-02-16 21:45:02,376 DEBUG    root            Loaded Command Group: ['gcloud', 'auth']
2024-02-16 21:45:02,378 DEBUG    root            Loaded Command Group: ['gcloud', 'auth', 'application_default']
2024-02-16 21:45:02,379 DEBUG    root            Loaded Command Group: ['gcloud', 'auth', 'application-default', 'set_quota_project']
2024-02-16 21:45:02,380 DEBUG    root            Running [gcloud.auth.application-default.set-quota-project] with arguments: [QUOTA_PROJECT_ID: "144309017669"]
2024-02-16 21:45:02,386 INFO     root            Using alternate credentials from file: [/Users/utkarshverma/.config/gcloud/application_default_credentials.json]
2024-02-16 21:45:02,387 INFO     root            Using alternate credentials from file: [/Users/utkarshverma/.config/gcloud/application_default_credentials.json]
2024-02-16 21:45:02,397 DEBUG    urllib3.connectionpool Starting new HTTPS connection (1): cloudresourcemanager.googleapis.com:443
2024-02-16 21:45:03,840 DEBUG    urllib3.connectionpool https://cloudresourcemanager.googleapis.com:443 "POST /v1/projects/144309017669:testIamPermissions?alt=json HTTP/1.1" 403 None
2024-02-16 21:45:10,547 INFO     ___FILE_ONLY___ Enabling service [cloudresourcemanager.googleapis.com] on project [144309017669]...

2024-02-16 21:45:10,552 INFO     root            Using alternate credentials from file: [/Users/utkarshverma/.config/gcloud/application_default_credentials.json]
2024-02-16 21:45:10,657 DEBUG    urllib3.connectionpool Starting new HTTPS connection (1): serviceusage.googleapis.com:443
2024-02-16 21:45:12,765 DEBUG    urllib3.connectionpool https://serviceusage.googleapis.com:443 "POST /v1/projects/144309017669/services/cloudresourcemanager.googleapis.com:enable?alt=json HTTP/1.1" 200 None
2024-02-16 21:45:12,776 INFO     root            Using alternate credentials from file: [/Users/utkarshverma/.config/gcloud/application_default_credentials.json]
2024-02-16 21:45:12,786 DEBUG    urllib3.connectionpool Starting new HTTPS connection (1): serviceusage.googleapis.com:443
2024-02-16 21:45:14,506 DEBUG    urllib3.connectionpool https://serviceusage.googleapis.com:443 "GET /v1/operations/acat.p2-144309017669-0eb3f544-562e-442e-b738-8cf5c39d58fe?alt=json HTTP/1.1" 200 None
2024-02-16 21:45:14,513 INFO     ___FILE_ONLY___ Operation "operations/acat.p2-144309017669-0eb3f544-562e-442e-b738-8cf5c39d58fe" finished successfully.

2024-02-16 21:45:14,513 DEBUG    root            Request returned no response, retrying
2024-02-16 21:45:14,513 DEBUG    root            Retrying request to url https://cloudresourcemanager.googleapis.com/v1/projects/144309017669:testIamPermissions?alt=json after exception Retry
2024-02-16 21:45:16,594 DEBUG    urllib3.connectionpool Starting new HTTPS connection (1): cloudresourcemanager.googleapis.com:443
2024-02-16 21:45:18,038 DEBUG    urllib3.connectionpool https://cloudresourcemanager.googleapis.com:443 "POST /v1/projects/144309017669:testIamPermissions?alt=json HTTP/1.1" 200 None
2024-02-16 21:45:18,043 INFO     ___FILE_ONLY___ 
Credentials saved to file: [/Users/utkarshverma/.config/gcloud/application_default_credentials.json]

2024-02-16 21:45:18,044 INFO     ___FILE_ONLY___ 
These credentials will be used by any library that requests Application Default Credentials (ADC).

2024-02-16 21:45:18,044 INFO     ___FILE_ONLY___ 
Quota project "144309017669" was added to ADC which can be used by Google client libraries for billing and quota. Note that some services may still bill the project owning the resource.

2024-02-16 21:45:18,044 DEBUG    root            Chosen display Format:none
2024-02-16 21:45:18,045 INFO     root            Display format: "none"
