2024-02-16 21:43:57,511 DEBUG    root            Loaded Command Group: ['gcloud', 'auth']
2024-02-16 21:43:57,513 DEBUG    root            Loaded Command Group: ['gcloud', 'auth', 'application_default']
2024-02-16 21:43:57,514 DEBUG    root            Loaded Command Group: ['gcloud', 'auth', 'application-default', 'set_quota_project']
2024-02-16 21:43:57,515 DEBUG    root            Running [gcloud.auth.application-default.set-quota-project] with arguments: [QUOTA_PROJECT_ID: "My First Project"]
2024-02-16 21:43:57,521 INFO     root            Using alternate credentials from file: [/Users/utkarshverma/.config/gcloud/application_default_credentials.json]
2024-02-16 21:43:57,523 DEBUG    google.auth.transport.requests Making request: POST https://oauth2.googleapis.com/token
2024-02-16 21:43:57,530 DEBUG    urllib3.connectionpool Starting new HTTPS connection (1): oauth2.googleapis.com:443
2024-02-16 21:43:57,723 DEBUG    urllib3.connectionpool https://oauth2.googleapis.com:443 "POST /token HTTP/1.1" 200 None
2024-02-16 21:43:57,731 INFO     root            Using alternate credentials from file: [/Users/utkarshverma/.config/gcloud/application_default_credentials.json]
2024-02-16 21:43:57,830 DEBUG    urllib3.connectionpool Starting new HTTPS connection (1): cloudresourcemanager.googleapis.com:443
2024-02-16 21:43:59,239 DEBUG    urllib3.connectionpool https://cloudresourcemanager.googleapis.com:443 "POST /v1/projects/My%20First%20Project:testIamPermissions?alt=json HTTP/1.1" 400 None
2024-02-16 21:43:59,244 WARNING  root            Cannot find a project to insert into application default credentials (ADC) as a quota project.
Run $gcloud auth application-default set-quota-project to insert a quota project to ADC.
2024-02-16 21:43:59,246 DEBUG    root            Chosen display Format:default
2024-02-16 21:43:59,251 DEBUG    root            Chosen display Format:default
2024-02-16 21:43:59,255 DEBUG    root            Chosen display Format:default
2024-02-16 21:43:59,257 DEBUG    root            (gcloud.auth.application-default.set-quota-project) INVALID_ARGUMENT: Project 'projects/My First Project' not found or deleted.
- '@type': type.googleapis.com/google.rpc.ErrorInfo
  domain: googleapis.com
  metadata:
    consumer: projects/My First Project
    service: cloudresourcemanager.googleapis.com
  reason: USER_PROJECT_DENIED
Traceback (most recent call last):
  File "/Users/utkarshverma/Desktop/python-web/gc/google-cloud-sdk/lib/googlecloudsdk/calliope/cli.py", line 998, in Execute
    resources = calliope_command.Run(cli=self, args=args)
                ^^^^^^^^^^^^^^^^^^^^^^^^^^^^^^^^^^^^^^^^^
  File "/Users/utkarshverma/Desktop/python-web/gc/google-cloud-sdk/lib/googlecloudsdk/calliope/backend.py", line 815, in Run
    resources = command_instance.Run(args)
                ^^^^^^^^^^^^^^^^^^^^^^^^^^
  File "/Users/utkarshverma/Desktop/python-web/gc/google-cloud-sdk/lib/surface/auth/application_default/set_quota_project.py", line 58, in Run
    return auth_util.AddQuotaProjectToADC(args.quota_project_id)
           ^^^^^^^^^^^^^^^^^^^^^^^^^^^^^^^^^^^^^^^^^^^^^^^^^^^^^
  File "/Users/utkarshverma/Desktop/python-web/gc/google-cloud-sdk/lib/googlecloudsdk/command_lib/auth/auth_util.py", line 308, in AddQuotaProjectToADC
    if not AdcHasGivenPermissionOnProject(
           ^^^^^^^^^^^^^^^^^^^^^^^^^^^^^^^
  File "/Users/utkarshverma/Desktop/python-web/gc/google-cloud-sdk/lib/googlecloudsdk/command_lib/auth/auth_util.py", line 167, in AdcHasGivenPermissionOnProject
    return _AdcHasGivenPermissionOnProjectHelper(project_ref, permissions)
           ^^^^^^^^^^^^^^^^^^^^^^^^^^^^^^^^^^^^^^^^^^^^^^^^^^^^^^^^^^^^^^^
  File "/Users/utkarshverma/Desktop/python-web/gc/google-cloud-sdk/lib/googlecloudsdk/command_lib/auth/auth_util.py", line 174, in _AdcHasGivenPermissionOnProjectHelper
    granted_permissions = projects_api.TestIamPermissions(
                          ^^^^^^^^^^^^^^^^^^^^^^^^^^^^^^^^
  File "/Users/utkarshverma/Desktop/python-web/gc/google-cloud-sdk/lib/googlecloudsdk/api_lib/cloudresourcemanager/projects_api.py", line 356, in TestIamPermissions
    return client.projects.TestIamPermissions(request)
           ^^^^^^^^^^^^^^^^^^^^^^^^^^^^^^^^^^^^^^^^^^^
  File "/Users/utkarshverma/Desktop/python-web/gc/google-cloud-sdk/lib/googlecloudsdk/generated_clients/apis/cloudresourcemanager/v1/cloudresourcemanager_v1_client.py", line 1018, in TestIamPermissions
    return self._RunMethod(
           ^^^^^^^^^^^^^^^^
  File "/Users/utkarshverma/Desktop/python-web/gc/google-cloud-sdk/lib/third_party/apitools/base/py/base_api.py", line 737, in _RunMethod
    return self.ProcessHttpResponse(method_config, http_response, request)
           ^^^^^^^^^^^^^^^^^^^^^^^^^^^^^^^^^^^^^^^^^^^^^^^^^^^^^^^^^^^^^^^
  File "/Users/utkarshverma/Desktop/python-web/gc/google-cloud-sdk/lib/third_party/apitools/base/py/base_api.py", line 743, in ProcessHttpResponse
    self.__ProcessHttpResponse(method_config, http_response, request))
    ^^^^^^^^^^^^^^^^^^^^^^^^^^^^^^^^^^^^^^^^^^^^^^^^^^^^^^^^^^^^^^^^^
  File "/Users/utkarshverma/Desktop/python-web/gc/google-cloud-sdk/lib/third_party/apitools/base/py/base_api.py", line 609, in __ProcessHttpResponse
    raise exceptions.HttpError.FromResponse(
apitools.base.py.exceptions.HttpBadRequestError: HttpError accessing <https://cloudresourcemanager.googleapis.com/v1/projects/My%20First%20Project:testIamPermissions?alt=json>: response: <{'vary': 'Origin, X-Origin, Referer', 'content-type': 'application/json; charset=UTF-8', 'content-encoding': 'gzip', 'date': 'Fri, 16 Feb 2024 16:13:59 GMT', 'server': 'ESF', 'cache-control': 'private', 'x-xss-protection': '0', 'x-frame-options': 'SAMEORIGIN', 'x-content-type-options': 'nosniff', 'server-timing': 'gfet4t7; dur=1300', 'alt-svc': 'h3=":443"; ma=2592000,h3-29=":443"; ma=2592000', 'transfer-encoding': 'chunked', 'status': 400}>, content <{
  "error": {
    "code": 400,
    "message": "Project 'projects/My First Project' not found or deleted.",
    "status": "INVALID_ARGUMENT",
    "details": [
      {
        "@type": "type.googleapis.com/google.rpc.ErrorInfo",
        "reason": "USER_PROJECT_DENIED",
        "domain": "googleapis.com",
        "metadata": {
          "service": "cloudresourcemanager.googleapis.com",
          "consumer": "projects/My First Project"
        }
      }
    ]
  }
}
>
2024-02-16 21:43:59,261 ERROR    root            (gcloud.auth.application-default.set-quota-project) INVALID_ARGUMENT: Project 'projects/My First Project' not found or deleted.
- '@type': type.googleapis.com/google.rpc.ErrorInfo
  domain: googleapis.com
  metadata:
    consumer: projects/My First Project
    service: cloudresourcemanager.googleapis.com
  reason: USER_PROJECT_DENIED
