2024-02-16 22:25:25,660 DEBUG    root            Loaded Command Group: ['gcloud', 'auth']
2024-02-16 22:25:25,663 DEBUG    root            Loaded Command Group: ['gcloud', 'auth', 'print_access_token']
2024-02-16 22:25:25,663 DEBUG    root            Running [gcloud.auth.print-access-token] with arguments: []
2024-02-16 22:25:25,668 DEBUG    root            (gcloud.auth.print-access-token) You do not currently have an active account selected.
Please run:

  $ gcloud auth login

to obtain new credentials.

If you have already logged in with a different account, run:

  $ gcloud config set account ACCOUNT

to select an already authenticated account to use.
Traceback (most recent call last):
  File "/Users/utkarshverma/Desktop/python-web/gc/google-cloud-sdk/lib/googlecloudsdk/calliope/cli.py", line 998, in Execute
    resources = calliope_command.Run(cli=self, args=args)
                ^^^^^^^^^^^^^^^^^^^^^^^^^^^^^^^^^^^^^^^^^
  File "/Users/utkarshverma/Desktop/python-web/gc/google-cloud-sdk/lib/googlecloudsdk/calliope/backend.py", line 815, in Run
    resources = command_instance.Run(args)
                ^^^^^^^^^^^^^^^^^^^^^^^^^^
  File "/Users/utkarshverma/Desktop/python-web/gc/google-cloud-sdk/lib/googlecloudsdk/calliope/exceptions.py", line 129, in TryFunc
    return func(*args, **kwargs)
           ^^^^^^^^^^^^^^^^^^^^^
  File "/Users/utkarshverma/Desktop/python-web/gc/google-cloud-sdk/lib/surface/auth/print_access_token.py", line 122, in Run
    cred = c_store.Load(
           ^^^^^^^^^^^^^
  File "/Users/utkarshverma/Desktop/python-web/gc/google-cloud-sdk/lib/googlecloudsdk/core/credentials/store.py", line 723, in Load
    cred = _Load(
           ^^^^^^
  File "/Users/utkarshverma/Desktop/python-web/gc/google-cloud-sdk/lib/googlecloudsdk/core/credentials/store.py", line 897, in _Load
    raise creds_exceptions.NoActiveAccountException(
googlecloudsdk.core.credentials.exceptions.NoActiveAccountException: You do not currently have an active account selected.
Please run:

  $ gcloud auth login

to obtain new credentials.

If you have already logged in with a different account, run:

  $ gcloud config set account ACCOUNT

to select an already authenticated account to use.
2024-02-16 22:25:25,670 ERROR    root            (gcloud.auth.print-access-token) You do not currently have an active account selected.
Please run:

  $ gcloud auth login

to obtain new credentials.

If you have already logged in with a different account, run:

  $ gcloud config set account ACCOUNT

to select an already authenticated account to use.
