2024-02-16 22:25:46,408 DEBUG    root            Loaded Command Group: ['gcloud', 'auth']
2024-02-16 22:25:46,413 DEBUG    root            Loaded Command Group: ['gcloud', 'auth', 'login']
2024-02-16 22:25:46,414 DEBUG    root            Running [gcloud.auth.login] with arguments: []
2024-02-16 22:25:46,423 DEBUG    requests_oauthlib.oauth2_session Generated new state DD3XewCm9u6oR8HUoVISbp0O0QIh22.
2024-02-16 22:25:46,598 INFO     ___FILE_ONLY___ Your browser has been opened to visit:

    https://accounts.google.com/o/oauth2/auth?response_type=code&client_id=32555940559.apps.googleusercontent.com&redirect_uri=http%3A%2F%2Flocalhost%3A8085%2F&scope=openid+https%3A%2F%2Fwww.googleapis.com%2Fauth%2Fuserinfo.email+https%3A%2F%2Fwww.googleapis.com%2Fauth%2Fcloud-platform+https%3A%2F%2Fwww.googleapis.com%2Fauth%2Fappengine.admin+https%3A%2F%2Fwww.googleapis.com%2Fauth%2Fsqlservice.login+https%3A%2F%2Fwww.googleapis.com%2Fauth%2Fcompute+https%3A%2F%2Fwww.googleapis.com%2Fauth%2Faccounts.reauth&state=DD3XewCm9u6oR8HUoVISbp0O0QIh22&access_type=offline&code_challenge=9Z0Z7SAwkBCdJlK7u5-ag7QK0nDPGM_eUTg2ZutAoKM&code_challenge_method=S256


2024-02-16 22:25:53,152 INFO     google_auth_oauthlib.flow "GET /?state=DD3XewCm9u6oR8HUoVISbp0O0QIh22&code=4/0AeaYSHCUgOHKwg3QzDEZeNVXR1_GkqMRQM0a3XNWc0qzeY4tm86gB2OS3rgCZNBkZAZfrA&scope=email%20openid%20https://www.googleapis.com/auth/userinfo.email%20https://www.googleapis.com/auth/cloud-platform%20https://www.googleapis.com/auth/appengine.admin%20https://www.googleapis.com/auth/sqlservice.login%20https://www.googleapis.com/auth/compute%20https://www.googleapis.com/auth/accounts.reauth&authuser=0&prompt=consent HTTP/1.1" 200 959
2024-02-16 22:25:53,153 DEBUG    requests_oauthlib.oauth2_session Requesting url https://oauth2.googleapis.com/token using method POST.
2024-02-16 22:25:53,153 DEBUG    requests_oauthlib.oauth2_session Supplying headers {b'Accept': b'application/json', b'Content-Type': b'application/x-www-form-urlencoded;charset=UTF-8', b'user-agent': b'google-cloud-sdk gcloud/464.0.0 command/gcloud.auth.login invocation-id/4a3492fbb9b8473f85b81bc49a657481 environment/None environment-version/None client-os/MACOSX client-os-ver/23.0.0 client-pltf-arch/arm interactive/True from-script/False python/3.11.7 term/xterm-256color (Macintosh; Intel Mac OS X 23.0.0)'} and data {'grant_type': 'authorization_code', 'client_id': '32555940559.apps.googleusercontent.com', 'client_secret': 'ZmssLNjJy2998hD4CTg2ejr2', 'code': '4/0AeaYSHCUgOHKwg3QzDEZeNVXR1_GkqMRQM0a3XNWc0qzeY4tm86gB2OS3rgCZNBkZAZfrA', 'redirect_uri': 'http://localhost:8085/', 'code_verifier': 'A0Qcyd.5Wr_tz-oetUrJ2wKNZobGPj72~tITEG4qt5wI~hslAF6N5HXQfGzUSx0DjAj30PKbznqf9JDgQpDc3sleo4QUX1631M3b0HxqeD.WdREdsmGv1BPyTRK1LwqZ'}
2024-02-16 22:25:53,153 DEBUG    requests_oauthlib.oauth2_session Passing through key word arguments {'json': None, 'timeout': None, 'auth': None, 'verify': None, 'proxies': None}.
2024-02-16 22:25:53,188 DEBUG    urllib3.connectionpool Starting new HTTPS connection (1): oauth2.googleapis.com:443
2024-02-16 22:25:53,386 DEBUG    urllib3.connectionpool https://oauth2.googleapis.com:443 "POST /token HTTP/1.1" 200 None
2024-02-16 22:25:53,387 DEBUG    requests_oauthlib.oauth2_session Prepared fetch token request body grant_type=authorization_code&client_id=32555940559.apps.googleusercontent.com&client_secret=ZmssLNjJy2998hD4CTg2ejr2&code=4%2F0AeaYSHCUgOHKwg3QzDEZeNVXR1_GkqMRQM0a3XNWc0qzeY4tm86gB2OS3rgCZNBkZAZfrA&redirect_uri=http%3A%2F%2Flocalhost%3A8085%2F&code_verifier=A0Qcyd.5Wr_tz-oetUrJ2wKNZobGPj72~tITEG4qt5wI~hslAF6N5HXQfGzUSx0DjAj30PKbznqf9JDgQpDc3sleo4QUX1631M3b0HxqeD.WdREdsmGv1BPyTRK1LwqZ
2024-02-16 22:25:53,387 DEBUG    requests_oauthlib.oauth2_session Request to fetch token completed with status 200.
2024-02-16 22:25:53,388 DEBUG    requests_oauthlib.oauth2_session Request headers were {'user-agent': b'google-cloud-sdk gcloud/464.0.0 command/gcloud.auth.login invocation-id/4a3492fbb9b8473f85b81bc49a657481 environment/None environment-version/None client-os/MACOSX client-os-ver/23.0.0 client-pltf-arch/arm interactive/True from-script/False python/3.11.7 term/xterm-256color (Macintosh; Intel Mac OS X 23.0.0)', 'Accept-Encoding': 'gzip, deflate', 'Accept': b'application/json', 'Connection': 'keep-alive', 'Content-Type': b'application/x-www-form-urlencoded;charset=UTF-8', 'Content-Length': '387'}
2024-02-16 22:25:53,388 DEBUG    requests_oauthlib.oauth2_session Request body was grant_type=authorization_code&client_id=32555940559.apps.googleusercontent.com&client_secret=ZmssLNjJy2998hD4CTg2ejr2&code=4%2F0AeaYSHCUgOHKwg3QzDEZeNVXR1_GkqMRQM0a3XNWc0qzeY4tm86gB2OS3rgCZNBkZAZfrA&redirect_uri=http%3A%2F%2Flocalhost%3A8085%2F&code_verifier=A0Qcyd.5Wr_tz-oetUrJ2wKNZobGPj72~tITEG4qt5wI~hslAF6N5HXQfGzUSx0DjAj30PKbznqf9JDgQpDc3sleo4QUX1631M3b0HxqeD.WdREdsmGv1BPyTRK1LwqZ
2024-02-16 22:25:53,388 DEBUG    requests_oauthlib.oauth2_session Response headers were {'Pragma': 'no-cache', 'Cache-Control': 'no-cache, no-store, max-age=0, must-revalidate', 'Expires': 'Mon, 01 Jan 1990 00:00:00 GMT', 'Date': 'Fri, 16 Feb 2024 16:55:53 GMT', 'Content-Type': 'application/json; charset=utf-8', 'Vary': 'Origin, X-Origin, Referer', 'Content-Encoding': 'gzip', 'Server': 'scaffolding on HTTPServer2', 'X-XSS-Protection': '0', 'X-Frame-Options': 'SAMEORIGIN', 'X-Content-Type-Options': 'nosniff', 'Alt-Svc': 'h3=":443"; ma=2592000,h3-29=":443"; ma=2592000', 'Transfer-Encoding': 'chunked'} and content {
  "access_token": "ya29.a0AfB_byDLloxEo4qY4v3WtTKHPB-f2ZSoUUMOeMhpL1HK-luA9KyEVx3KAyhg4JnD6VkAZ1wY9QQeVx8wuPC_QZAujLoQvi2CYQ2LvQZ3ye1kQ5skBCdW3AWPqkl9zSEUZdGNuTj4VF7IwM0yWtMgVIfHjbY7XdTeaFCOvKA2_gaCgYKAd8SARISFQHGX2Mis99EtKQjuF4Nft5AMRPn0A0177",
  "expires_in": 3599,
  "refresh_token": "1//0gArjnE-9q4nhCgYIARAAGBASNwF-L9Irjo9GZMCjWe-zt1hIsXkfMHKmFQmgO-0CiauwEfzVZHaAzxgTvviEE7WqI1pEAI_9IjY",
  "scope": "https://www.googleapis.com/auth/accounts.reauth https://www.googleapis.com/auth/appengine.admin https://www.googleapis.com/auth/cloud-platform https://www.googleapis.com/auth/sqlservice.login https://www.googleapis.com/auth/userinfo.email https://www.googleapis.com/auth/compute openid",
  "token_type": "Bearer",
  "id_token": "eyJhbGciOiJSUzI1NiIsImtpZCI6ImVkODA2ZjE4NDJiNTg4MDU0YjE4YjY2OWRkMWEwOWE0ZjM2N2FmYzQiLCJ0eXAiOiJKV1QifQ.eyJpc3MiOiJodHRwczovL2FjY291bnRzLmdvb2dsZS5jb20iLCJhenAiOiIzMjU1NTk0MDU1OS5hcHBzLmdvb2dsZXVzZXJjb250ZW50LmNvbSIsImF1ZCI6IjMyNTU1OTQwNTU5LmFwcHMuZ29vZ2xldXNlcmNvbnRlbnQuY29tIiwic3ViIjoiMTEwMDA3MjU2NzU5NjQ5MTU3MzQyIiwiZW1haWwiOiJ0aGV1dGthcnNoLnZlcm1hMDBAZ21haWwuY29tIiwiZW1haWxfdmVyaWZpZWQiOnRydWUsImF0X2hhc2giOiJDSV9xSkVCYThWa2V2a2xYRTZ0alN3IiwiaWF0IjoxNzA4MTAyNTUzLCJleHAiOjE3MDgxMDYxNTN9.VZ_n-h0lGSE6v4qzocPTsjr294FnhUijzq1kSu6i2zuRv0ThFUZk_cGeK6_xm-qJuOHmGyRZ34x4VTY5OPT6M87hPdpGtNQvr3GT_wTTIJaNXnMSjPjoYT-YRi7JbxDll4bZGB0DI2oXZa9HwR14A18erKOG6c0jJTPh1tZ7QxtPMPh81KmoGZHmwKXeZgZPwe4BkX8QmWEEZ6jYbWuGYoGa7YrVe95IpDEpvlxnaaYDes1BlosngiE6knYAYaC-lu56AyPjA2HR-3n5otDUX1nSONkHp_4gWsFGjsglDWlaDofLRC1AssRrbc8amyCpqmUp-bJZyd4WmczqAxlzcw"
}.
2024-02-16 22:25:53,388 DEBUG    requests_oauthlib.oauth2_session Invoking 0 token response hooks.
2024-02-16 22:25:53,388 DEBUG    requests_oauthlib.oauth2_session Obtained token {'access_token': 'ya29.a0AfB_byDLloxEo4qY4v3WtTKHPB-f2ZSoUUMOeMhpL1HK-luA9KyEVx3KAyhg4JnD6VkAZ1wY9QQeVx8wuPC_QZAujLoQvi2CYQ2LvQZ3ye1kQ5skBCdW3AWPqkl9zSEUZdGNuTj4VF7IwM0yWtMgVIfHjbY7XdTeaFCOvKA2_gaCgYKAd8SARISFQHGX2Mis99EtKQjuF4Nft5AMRPn0A0177', 'expires_in': 3599, 'refresh_token': '1//0gArjnE-9q4nhCgYIARAAGBASNwF-L9Irjo9GZMCjWe-zt1hIsXkfMHKmFQmgO-0CiauwEfzVZHaAzxgTvviEE7WqI1pEAI_9IjY', 'scope': ['https://www.googleapis.com/auth/accounts.reauth', 'https://www.googleapis.com/auth/appengine.admin', 'https://www.googleapis.com/auth/cloud-platform', 'https://www.googleapis.com/auth/sqlservice.login', 'https://www.googleapis.com/auth/userinfo.email', 'https://www.googleapis.com/auth/compute', 'openid'], 'token_type': 'Bearer', 'id_token': 'eyJhbGciOiJSUzI1NiIsImtpZCI6ImVkODA2ZjE4NDJiNTg4MDU0YjE4YjY2OWRkMWEwOWE0ZjM2N2FmYzQiLCJ0eXAiOiJKV1QifQ.eyJpc3MiOiJodHRwczovL2FjY291bnRzLmdvb2dsZS5jb20iLCJhenAiOiIzMjU1NTk0MDU1OS5hcHBzLmdvb2dsZXVzZXJjb250ZW50LmNvbSIsImF1ZCI6IjMyNTU1OTQwNTU5LmFwcHMuZ29vZ2xldXNlcmNvbnRlbnQuY29tIiwic3ViIjoiMTEwMDA3MjU2NzU5NjQ5MTU3MzQyIiwiZW1haWwiOiJ0aGV1dGthcnNoLnZlcm1hMDBAZ21haWwuY29tIiwiZW1haWxfdmVyaWZpZWQiOnRydWUsImF0X2hhc2giOiJDSV9xSkVCYThWa2V2a2xYRTZ0alN3IiwiaWF0IjoxNzA4MTAyNTUzLCJleHAiOjE3MDgxMDYxNTN9.VZ_n-h0lGSE6v4qzocPTsjr294FnhUijzq1kSu6i2zuRv0ThFUZk_cGeK6_xm-qJuOHmGyRZ34x4VTY5OPT6M87hPdpGtNQvr3GT_wTTIJaNXnMSjPjoYT-YRi7JbxDll4bZGB0DI2oXZa9HwR14A18erKOG6c0jJTPh1tZ7QxtPMPh81KmoGZHmwKXeZgZPwe4BkX8QmWEEZ6jYbWuGYoGa7YrVe95IpDEpvlxnaaYDes1BlosngiE6knYAYaC-lu56AyPjA2HR-3n5otDUX1nSONkHp_4gWsFGjsglDWlaDofLRC1AssRrbc8amyCpqmUp-bJZyd4WmczqAxlzcw', 'expires_at': 1708106152.388575}.
2024-02-16 22:25:53,402 INFO     ___FILE_ONLY___ 
You are now logged in as [theutkarsh.verma00@gmail.com].
Your current project is [None].  You can change this setting by running:
  $ gcloud config set project PROJECT_ID

2024-02-16 22:25:53,403 DEBUG    root            Chosen display Format:none
2024-02-16 22:25:53,404 INFO     root            Display format: "none"
